  main.cpp
D:\Projects\work\BST_\BST_withComments.h(184,2): warning C4018: '<': signed/unsigned mismatch
D:\Projects\work\BST_\BST_withComments.h(178): message : while compiling class template member function 'int *BST<int>::Merge(BST<int> &,BST<int> &)'
D:\Projects\work\BST_\main.cpp(53): message : see reference to function template instantiation 'int *BST<int>::Merge(BST<int> &,BST<int> &)' being compiled
D:\Projects\work\BST_\main.cpp(14): message : see reference to class template instantiation 'BST<int>' being compiled
D:\Projects\work\BST_\BST_withComments.h(161,2): warning C4018: '<': signed/unsigned mismatch
D:\Projects\work\BST_\BST_withComments.h(158): message : while compiling class template member function 'BST<int> BST<int>::getTree(T &)'
          with
          [
              T=int
          ]
D:\Projects\work\BST_\main.cpp(47): message : see reference to function template instantiation 'BST<int> BST<int>::getTree(T &)' being compiled
          with
          [
              T=int
          ]
D:\Projects\work\BST_\BST_withComments.h(169,2): warning C4018: '<': signed/unsigned mismatch
D:\Projects\work\BST_\BST_withComments.h(124,2): warning C4018: '<': signed/unsigned mismatch
D:\Projects\work\BST_\BST_withComments.h(116): message : while compiling class template member function 'bool BST<int>::SimilarNodes(BST<int> &)'
D:\Projects\work\BST_\main.cpp(37): message : see reference to function template instantiation 'bool BST<int>::SimilarNodes(BST<int> &)' being compiled
D:\Projects\work\BST_\BST_withComments.h(126,2): warning C4018: '<': signed/unsigned mismatch
D:\Projects\work\BST_\BST_withComments.h(135,2): warning C4018: '<': signed/unsigned mismatch
D:\Projects\work\BST_\BST_withComments.h(98,2): warning C4018: '<': signed/unsigned mismatch
D:\Projects\work\BST_\BST_withComments.h(94): message : while compiling class template member function 'bool BST<int>::isSubTree(BST<int> &)'
D:\Projects\work\BST_\main.cpp(49): message : see reference to function template instantiation 'bool BST<int>::isSubTree(BST<int> &)' being compiled
D:\Projects\work\BST_\BST_withComments.h(102,2): warning C4018: '<': signed/unsigned mismatch
D:\Projects\work\BST_\BST_withComments.h(188): warning C4172: returning address of local variable or temporary: i
  BST_.vcxproj -> D:\Projects\work\BST_\Debug\BST_.exe
